2025-06-23 02:54:35 INFO  MetricsExecutor:33 - Processing: C:\Users\FRANCE~1\AppData\Local\Temp\ck_analysis\2.0.0-M3_f27898f28082a42624d7dd5c7768523ef6b16f61\openjpa-kernel\src\main\java\org\apache\openjpa\kernel\QueryImpl.java
2025-06-23 02:54:35 INFO  MetricsExecutor:40 - CKClassResult [file=C:\Users\FRANCE~1\AppData\Local\Temp\ck_analysis\2.0.0-M3_f27898f28082a42624d7dd5c7768523ef6b16f61\openjpa-kernel\src\main\java\org\apache\openjpa\kernel\QueryImpl.java, className=org.apache.openjpa.kernel.QueryImpl$MergedExecutor]
2025-06-23 02:54:40 INFO  MetricsExecutor:40 - CKClassResult [file=C:\Users\FRANCE~1\AppData\Local\Temp\ck_analysis\2.0.0-M3_f27898f28082a42624d7dd5c7768523ef6b16f61\openjpa-kernel\src\main\java\org\apache\openjpa\kernel\QueryImpl.java, className=org.apache.openjpa.kernel.QueryImpl$Compilation]
2025-06-23 02:54:40 INFO  MetricsExecutor:40 - CKClassResult [file=C:\Users\FRANCE~1\AppData\Local\Temp\ck_analysis\2.0.0-M3_f27898f28082a42624d7dd5c7768523ef6b16f61\openjpa-kernel\src\main\java\org\apache\openjpa\kernel\QueryImpl.java, className=org.apache.openjpa.kernel.QueryImpl$PackingResultObjectProvider]
2025-06-23 02:54:42 INFO  MetricsExecutor:40 - CKClassResult [file=C:\Users\FRANCE~1\AppData\Local\Temp\ck_analysis\2.0.0-M3_f27898f28082a42624d7dd5c7768523ef6b16f61\openjpa-kernel\src\main\java\org\apache\openjpa\kernel\QueryImpl.java, className=org.apache.openjpa.kernel.QueryImpl]
2025-06-24 18:38:57 ERROR MetricsExecutor:44 - error in C:\Users\FRANCE~1\AppData\Local\Temp\ck_analysis\4.2.0_7f9005baadbbf312db857be6c3d3c095fe800c54\hedwig-client\src\main\java\org\apache\hedwig\client\netty\HedwigSubscriber.java
java.lang.NullPointerException: Cannot invoke "java.util.Set.add(Object)" because the return value of "java.util.Map.get(Object)" is null
	at com.github.mauricioaniche.ck.metric.CouplingExtras.addToSetClassIn(CouplingExtras.java:29)
	at com.github.mauricioaniche.ck.metric.Coupling.addToSet(Coupling.java:308)
	at com.github.mauricioaniche.ck.metric.Coupling.coupleTo(Coupling.java:270)
	at com.github.mauricioaniche.ck.metric.Coupling.visit(Coupling.java:87)
	at com.github.mauricioaniche.ck.CKVisitor.lambda$visit$5(CKVisitor.java:89)
	at java.base/java.util.stream.ForEachOps$ForEachOp$OfRef.accept(ForEachOps.java:186)
	at java.base/java.util.stream.ReferencePipeline$3$1.accept(ReferencePipeline.java:215)
	at java.base/java.util.ArrayList$ArrayListSpliterator.forEachRemaining(ArrayList.java:1716)
	at java.base/java.util.stream.AbstractPipeline.copyInto(AbstractPipeline.java:570)
	at java.base/java.util.stream.AbstractPipeline.wrapAndCopyInto(AbstractPipeline.java:560)
	at java.base/java.util.stream.ForEachOps$ForEachOp.evaluateSequential(ForEachOps.java:153)
	at java.base/java.util.stream.ForEachOps$ForEachOp$OfRef.evaluateSequential(ForEachOps.java:176)
	at java.base/java.util.stream.AbstractPipeline.evaluate(AbstractPipeline.java:265)
	at java.base/java.util.stream.ReferencePipeline.forEach(ReferencePipeline.java:636)
	at com.github.mauricioaniche.ck.CKVisitor.visit(CKVisitor.java:89)
	at org.eclipse.jdt.core.dom.TypeDeclaration.accept0(TypeDeclaration.java:509)
	at org.eclipse.jdt.core.dom.ASTNode.accept(ASTNode.java:3055)
	at org.eclipse.jdt.core.dom.ASTNode.acceptChildren(ASTNode.java:3126)
	at org.eclipse.jdt.core.dom.CompilationUnit.accept0(CompilationUnit.java:258)
	at org.eclipse.jdt.core.dom.ASTNode.accept(ASTNode.java:3055)
	at com.github.mauricioaniche.ck.MetricsExecutor.acceptAST(MetricsExecutor.java:36)
	at org.eclipse.jdt.core.dom.CompilationUnitResolver.resolve(CompilationUnitResolver.java:1065)
	at org.eclipse.jdt.core.dom.CompilationUnitResolver.resolve(CompilationUnitResolver.java:661)
	at org.eclipse.jdt.core.dom.ASTParser.createASTs(ASTParser.java:1001)
	at com.github.mauricioaniche.ck.CK.calculate(CK.java:109)
	at com.github.mauricioaniche.ck.CK.calculate(CK.java:59)
	at com.github.mauricioaniche.ck.CK.calculate(CK.java:72)
	at project.controllers.MetricsCalculator.calculateCKMetrics(MetricsCalculator.java:643)
	at project.controllers.MetricsCalculator.lambda$processCommits$1(MetricsCalculator.java:224)
	at java.base/java.util.stream.ForEachOps$ForEachOp$OfRef.accept(ForEachOps.java:186)
	at java.base/java.util.ArrayList$ArrayListSpliterator.forEachRemaining(ArrayList.java:1716)
	at java.base/java.util.stream.AbstractPipeline.copyInto(AbstractPipeline.java:570)
	at java.base/java.util.stream.ForEachOps$ForEachTask.compute(ForEachOps.java:293)
	at java.base/java.util.concurrent.CountedCompleter.exec(CountedCompleter.java:759)
	at java.base/java.util.concurrent.ForkJoinTask.doExec(ForkJoinTask.java:507)
	at java.base/java.util.concurrent.ForkJoinPool$WorkQueue.topLevelExec(ForkJoinPool.java:1394)
	at java.base/java.util.concurrent.ForkJoinPool.runWorker(ForkJoinPool.java:1970)
	at java.base/java.util.concurrent.ForkJoinWorkerThread.run(ForkJoinWorkerThread.java:187)
2025-06-25 14:33:02 ERROR MetricsExecutor:44 - error in C:\Users\FRANCE~1\AppData\Local\Temp\ck_analysis\4.2.1_e8a1dec3fbea9b2f8c59c32e2f189d60c1864688\bookkeeper-server\src\main\java\org\apache\bookkeeper\bookie\FileSystemUpgrade.java
java.lang.NullPointerException: Cannot invoke "java.util.Set.add(Object)" because the return value of "java.util.Map.get(Object)" is null
	at com.github.mauricioaniche.ck.metric.CouplingExtras.addToSetClassIn(CouplingExtras.java:29)
	at com.github.mauricioaniche.ck.metric.Coupling.addToSet(Coupling.java:308)
	at com.github.mauricioaniche.ck.metric.Coupling.coupleTo(Coupling.java:270)
	at com.github.mauricioaniche.ck.metric.Coupling.coupleTo(Coupling.java:205)
	at com.github.mauricioaniche.ck.metric.Coupling.visit(Coupling.java:34)
	at com.github.mauricioaniche.ck.CKVisitor.lambda$visit$111(CKVisitor.java:491)
	at java.base/java.util.stream.ForEachOps$ForEachOp$OfRef.accept(ForEachOps.java:186)
	at java.base/java.util.stream.ReferencePipeline$3$1.accept(ReferencePipeline.java:215)
	at java.base/java.util.ArrayList$ArrayListSpliterator.forEachRemaining(ArrayList.java:1716)
	at java.base/java.util.stream.AbstractPipeline.copyInto(AbstractPipeline.java:570)
	at java.base/java.util.stream.AbstractPipeline.wrapAndCopyInto(AbstractPipeline.java:560)
	at java.base/java.util.stream.ForEachOps$ForEachOp.evaluateSequential(ForEachOps.java:153)
	at java.base/java.util.stream.ForEachOps$ForEachOp$OfRef.evaluateSequential(ForEachOps.java:176)
	at java.base/java.util.stream.AbstractPipeline.evaluate(AbstractPipeline.java:265)
	at java.base/java.util.stream.ReferencePipeline.forEach(ReferencePipeline.java:636)
	at com.github.mauricioaniche.ck.CKVisitor.visit(CKVisitor.java:491)
	at org.eclipse.jdt.core.dom.ClassInstanceCreation.accept0(ClassInstanceCreation.java:293)
	at org.eclipse.jdt.core.dom.ASTNode.accept(ASTNode.java:3055)
	at org.eclipse.jdt.core.dom.ASTNode.acceptChildren(ASTNode.java:3126)
	at org.eclipse.jdt.core.dom.ClassInstanceCreation.accept0(ClassInstanceCreation.java:304)
	at org.eclipse.jdt.core.dom.ASTNode.accept(ASTNode.java:3055)
	at org.eclipse.jdt.core.dom.ASTNode.acceptChild(ASTNode.java:3103)
	at org.eclipse.jdt.core.dom.VariableDeclarationFragment.accept0(VariableDeclarationFragment.java:238)
	at org.eclipse.jdt.core.dom.ASTNode.accept(ASTNode.java:3055)
	at org.eclipse.jdt.core.dom.ASTNode.acceptChildren(ASTNode.java:3126)
	at org.eclipse.jdt.core.dom.VariableDeclarationStatement.accept0(VariableDeclarationStatement.java:254)
	at org.eclipse.jdt.core.dom.ASTNode.accept(ASTNode.java:3055)
	at org.eclipse.jdt.core.dom.ASTNode.acceptChildren(ASTNode.java:3126)
	at org.eclipse.jdt.core.dom.Block.accept0(Block.java:128)
	at org.eclipse.jdt.core.dom.ASTNode.accept(ASTNode.java:3055)
	at org.eclipse.jdt.core.dom.ASTNode.acceptChild(ASTNode.java:3103)
	at org.eclipse.jdt.core.dom.TryStatement.accept0(TryStatement.java:274)
	at org.eclipse.jdt.core.dom.ASTNode.accept(ASTNode.java:3055)
	at org.eclipse.jdt.core.dom.ASTNode.acceptChildren(ASTNode.java:3126)
	at org.eclipse.jdt.core.dom.Block.accept0(Block.java:128)
	at org.eclipse.jdt.core.dom.ASTNode.accept(ASTNode.java:3055)
	at org.eclipse.jdt.core.dom.ASTNode.acceptChild(ASTNode.java:3103)
	at org.eclipse.jdt.core.dom.MethodDeclaration.accept0(MethodDeclaration.java:677)
	at org.eclipse.jdt.core.dom.ASTNode.accept(ASTNode.java:3055)
	at org.eclipse.jdt.core.dom.ASTNode.acceptChildren(ASTNode.java:3126)
	at org.eclipse.jdt.core.dom.TypeDeclaration.accept0(TypeDeclaration.java:526)
	at org.eclipse.jdt.core.dom.ASTNode.accept(ASTNode.java:3055)
	at org.eclipse.jdt.core.dom.ASTNode.acceptChildren(ASTNode.java:3126)
	at org.eclipse.jdt.core.dom.CompilationUnit.accept0(CompilationUnit.java:258)
	at org.eclipse.jdt.core.dom.ASTNode.accept(ASTNode.java:3055)
	at com.github.mauricioaniche.ck.MetricsExecutor.acceptAST(MetricsExecutor.java:36)
	at org.eclipse.jdt.core.dom.CompilationUnitResolver.resolve(CompilationUnitResolver.java:1065)
	at org.eclipse.jdt.core.dom.CompilationUnitResolver.resolve(CompilationUnitResolver.java:661)
	at org.eclipse.jdt.core.dom.ASTParser.createASTs(ASTParser.java:1001)
	at com.github.mauricioaniche.ck.CK.calculate(CK.java:109)
	at com.github.mauricioaniche.ck.CK.calculate(CK.java:59)
	at com.github.mauricioaniche.ck.CK.calculate(CK.java:72)
	at project.controllers.MetricsCalculator.calculateCKMetrics(MetricsCalculator.java:643)
	at project.controllers.MetricsCalculator.lambda$processCommits$1(MetricsCalculator.java:224)
	at java.base/java.util.stream.ForEachOps$ForEachOp$OfRef.accept(ForEachOps.java:186)
	at java.base/java.util.ArrayList$ArrayListSpliterator.forEachRemaining(ArrayList.java:1716)
	at java.base/java.util.stream.AbstractPipeline.copyInto(AbstractPipeline.java:570)
	at java.base/java.util.stream.ForEachOps$ForEachTask.compute(ForEachOps.java:293)
	at java.base/java.util.concurrent.CountedCompleter.exec(CountedCompleter.java:759)
	at java.base/java.util.concurrent.ForkJoinTask.doExec(ForkJoinTask.java:507)
	at java.base/java.util.concurrent.ForkJoinPool$WorkQueue.topLevelExec(ForkJoinPool.java:1394)
	at java.base/java.util.concurrent.ForkJoinPool.runWorker(ForkJoinPool.java:1970)
	at java.base/java.util.concurrent.ForkJoinWorkerThread.run(ForkJoinWorkerThread.java:187)
2025-06-25 14:33:09 ERROR MetricsExecutor:44 - error in C:\Users\FRANCE~1\AppData\Local\Temp\ck_analysis\4.2.1_8f02fb64ec9612af8422f23ed7908d7f6ccf5332\bookkeeper-server\src\main\java\org\apache\bookkeeper\bookie\LedgerCacheImpl.java
java.lang.NullPointerException: Cannot invoke "java.util.Set.add(Object)" because the return value of "java.util.Map.get(Object)" is null
	at com.github.mauricioaniche.ck.metric.CouplingExtras.addToSetClassIn(CouplingExtras.java:29)
	at com.github.mauricioaniche.ck.metric.Coupling.addToSet(Coupling.java:308)
	at com.github.mauricioaniche.ck.metric.Coupling.coupleTo(Coupling.java:270)
	at com.github.mauricioaniche.ck.metric.Coupling.coupleTo(Coupling.java:205)
	at com.github.mauricioaniche.ck.metric.Coupling.visit(Coupling.java:34)
	at com.github.mauricioaniche.ck.CKVisitor.lambda$visit$111(CKVisitor.java:491)
	at java.base/java.util.stream.ForEachOps$ForEachOp$OfRef.accept(ForEachOps.java:186)
	at java.base/java.util.stream.ReferencePipeline$3$1.accept(ReferencePipeline.java:215)
	at java.base/java.util.ArrayList$ArrayListSpliterator.forEachRemaining(ArrayList.java:1716)
	at java.base/java.util.stream.AbstractPipeline.copyInto(AbstractPipeline.java:570)
	at java.base/java.util.stream.AbstractPipeline.wrapAndCopyInto(AbstractPipeline.java:560)
	at java.base/java.util.stream.ForEachOps$ForEachOp.evaluateSequential(ForEachOps.java:153)
	at java.base/java.util.stream.ForEachOps$ForEachOp$OfRef.evaluateSequential(ForEachOps.java:176)
	at java.base/java.util.stream.AbstractPipeline.evaluate(AbstractPipeline.java:265)
	at java.base/java.util.stream.ReferencePipeline.forEach(ReferencePipeline.java:636)
	at com.github.mauricioaniche.ck.CKVisitor.visit(CKVisitor.java:491)
	at org.eclipse.jdt.core.dom.ClassInstanceCreation.accept0(ClassInstanceCreation.java:293)
	at org.eclipse.jdt.core.dom.ASTNode.accept(ASTNode.java:3055)
	at org.eclipse.jdt.core.dom.ASTNode.acceptChild(ASTNode.java:3103)
	at org.eclipse.jdt.core.dom.ThrowStatement.accept0(ThrowStatement.java:133)
	at org.eclipse.jdt.core.dom.ASTNode.accept(ASTNode.java:3055)
	at org.eclipse.jdt.core.dom.ASTNode.acceptChildren(ASTNode.java:3126)
	at org.eclipse.jdt.core.dom.Block.accept0(Block.java:128)
	at org.eclipse.jdt.core.dom.ASTNode.accept(ASTNode.java:3055)
	at org.eclipse.jdt.core.dom.ASTNode.acceptChild(ASTNode.java:3103)
	at org.eclipse.jdt.core.dom.IfStatement.accept0(IfStatement.java:182)
	at org.eclipse.jdt.core.dom.ASTNode.accept(ASTNode.java:3055)
	at org.eclipse.jdt.core.dom.ASTNode.acceptChildren(ASTNode.java:3126)
	at org.eclipse.jdt.core.dom.Block.accept0(Block.java:128)
	at org.eclipse.jdt.core.dom.ASTNode.accept(ASTNode.java:3055)
	at org.eclipse.jdt.core.dom.ASTNode.acceptChild(ASTNode.java:3103)
	at org.eclipse.jdt.core.dom.IfStatement.accept0(IfStatement.java:182)
	at org.eclipse.jdt.core.dom.ASTNode.accept(ASTNode.java:3055)
	at org.eclipse.jdt.core.dom.ASTNode.acceptChildren(ASTNode.java:3126)
	at org.eclipse.jdt.core.dom.Block.accept0(Block.java:128)
	at org.eclipse.jdt.core.dom.ASTNode.accept(ASTNode.java:3055)
	at org.eclipse.jdt.core.dom.ASTNode.acceptChild(ASTNode.java:3103)
	at org.eclipse.jdt.core.dom.IfStatement.accept0(IfStatement.java:182)
	at org.eclipse.jdt.core.dom.ASTNode.accept(ASTNode.java:3055)
	at org.eclipse.jdt.core.dom.ASTNode.acceptChildren(ASTNode.java:3126)
	at org.eclipse.jdt.core.dom.Block.accept0(Block.java:128)
	at org.eclipse.jdt.core.dom.ASTNode.accept(ASTNode.java:3055)
	at org.eclipse.jdt.core.dom.ASTNode.acceptChild(ASTNode.java:3103)
	at org.eclipse.jdt.core.dom.SynchronizedStatement.accept0(SynchronizedStatement.java:157)
	at org.eclipse.jdt.core.dom.ASTNode.accept(ASTNode.java:3055)
	at org.eclipse.jdt.core.dom.ASTNode.acceptChildren(ASTNode.java:3126)
	at org.eclipse.jdt.core.dom.Block.accept0(Block.java:128)
	at org.eclipse.jdt.core.dom.ASTNode.accept(ASTNode.java:3055)
	at org.eclipse.jdt.core.dom.ASTNode.acceptChild(ASTNode.java:3103)
	at org.eclipse.jdt.core.dom.MethodDeclaration.accept0(MethodDeclaration.java:677)
	at org.eclipse.jdt.core.dom.ASTNode.accept(ASTNode.java:3055)
	at org.eclipse.jdt.core.dom.ASTNode.acceptChildren(ASTNode.java:3126)
	at org.eclipse.jdt.core.dom.TypeDeclaration.accept0(TypeDeclaration.java:526)
	at org.eclipse.jdt.core.dom.ASTNode.accept(ASTNode.java:3055)
	at org.eclipse.jdt.core.dom.ASTNode.acceptChildren(ASTNode.java:3126)
	at org.eclipse.jdt.core.dom.CompilationUnit.accept0(CompilationUnit.java:258)
	at org.eclipse.jdt.core.dom.ASTNode.accept(ASTNode.java:3055)
	at com.github.mauricioaniche.ck.MetricsExecutor.acceptAST(MetricsExecutor.java:36)
	at org.eclipse.jdt.core.dom.CompilationUnitResolver.resolve(CompilationUnitResolver.java:1065)
	at org.eclipse.jdt.core.dom.CompilationUnitResolver.resolve(CompilationUnitResolver.java:661)
	at org.eclipse.jdt.core.dom.ASTParser.createASTs(ASTParser.java:1001)
	at com.github.mauricioaniche.ck.CK.calculate(CK.java:109)
	at com.github.mauricioaniche.ck.CK.calculate(CK.java:59)
	at com.github.mauricioaniche.ck.CK.calculate(CK.java:72)
	at project.controllers.MetricsCalculator.calculateCKMetrics(MetricsCalculator.java:643)
	at project.controllers.MetricsCalculator.lambda$processCommits$1(MetricsCalculator.java:224)
	at java.base/java.util.stream.ForEachOps$ForEachOp$OfRef.accept(ForEachOps.java:186)
	at java.base/java.util.ArrayList$ArrayListSpliterator.forEachRemaining(ArrayList.java:1716)
	at java.base/java.util.stream.AbstractPipeline.copyInto(AbstractPipeline.java:570)
	at java.base/java.util.stream.ForEachOps$ForEachTask.compute(ForEachOps.java:293)
	at java.base/java.util.concurrent.CountedCompleter.exec(CountedCompleter.java:759)
	at java.base/java.util.concurrent.ForkJoinTask.doExec(ForkJoinTask.java:507)
	at java.base/java.util.concurrent.ForkJoinPool$WorkQueue.topLevelExec(ForkJoinPool.java:1394)
	at java.base/java.util.concurrent.ForkJoinPool.runWorker(ForkJoinPool.java:1970)
	at java.base/java.util.concurrent.ForkJoinWorkerThread.run(ForkJoinWorkerThread.java:187)
2025-06-25 14:33:20 ERROR MetricsExecutor:44 - error in C:\Users\FRANCE~1\AppData\Local\Temp\ck_analysis\4.2.1_f633075dd0b0cae6c50db0f7284798089a9cf83b\hedwig-client\src\main\java\org\apache\hedwig\client\netty\impl\multiplex\MultiplexHChannelManager.java
java.lang.NullPointerException: Cannot invoke "java.util.Set.add(Object)" because the return value of "java.util.Map.get(Object)" is null
	at com.github.mauricioaniche.ck.metric.CouplingExtras.addToSetClassIn(CouplingExtras.java:29)
	at com.github.mauricioaniche.ck.metric.Coupling.addToSet(Coupling.java:308)
	at com.github.mauricioaniche.ck.metric.Coupling.coupleTo(Coupling.java:270)
	at com.github.mauricioaniche.ck.metric.Coupling.coupleTo(Coupling.java:205)
	at com.github.mauricioaniche.ck.metric.Coupling.visit(Coupling.java:51)
	at com.github.mauricioaniche.ck.CKVisitor.lambda$visit$167(CKVisitor.java:630)
	at java.base/java.util.stream.ForEachOps$ForEachOp$OfRef.accept(ForEachOps.java:186)
	at java.base/java.util.stream.ReferencePipeline$3$1.accept(ReferencePipeline.java:215)
	at java.base/java.util.ArrayList$ArrayListSpliterator.forEachRemaining(ArrayList.java:1716)
	at java.base/java.util.stream.AbstractPipeline.copyInto(AbstractPipeline.java:570)
	at java.base/java.util.stream.AbstractPipeline.wrapAndCopyInto(AbstractPipeline.java:560)
	at java.base/java.util.stream.ForEachOps$ForEachOp.evaluateSequential(ForEachOps.java:153)
	at java.base/java.util.stream.ForEachOps$ForEachOp$OfRef.evaluateSequential(ForEachOps.java:176)
	at java.base/java.util.stream.AbstractPipeline.evaluate(AbstractPipeline.java:265)
	at java.base/java.util.stream.ReferencePipeline.forEach(ReferencePipeline.java:636)
	at com.github.mauricioaniche.ck.CKVisitor.visit(CKVisitor.java:630)
	at org.eclipse.jdt.core.dom.FieldDeclaration.accept0(FieldDeclaration.java:265)
	at org.eclipse.jdt.core.dom.ASTNode.accept(ASTNode.java:3055)
	at org.eclipse.jdt.core.dom.ASTNode.acceptChildren(ASTNode.java:3126)
	at org.eclipse.jdt.core.dom.TypeDeclaration.accept0(TypeDeclaration.java:526)
	at org.eclipse.jdt.core.dom.ASTNode.accept(ASTNode.java:3055)
	at org.eclipse.jdt.core.dom.ASTNode.acceptChildren(ASTNode.java:3126)
	at org.eclipse.jdt.core.dom.CompilationUnit.accept0(CompilationUnit.java:258)
	at org.eclipse.jdt.core.dom.ASTNode.accept(ASTNode.java:3055)
	at com.github.mauricioaniche.ck.MetricsExecutor.acceptAST(MetricsExecutor.java:36)
	at org.eclipse.jdt.core.dom.CompilationUnitResolver.resolve(CompilationUnitResolver.java:1065)
	at org.eclipse.jdt.core.dom.CompilationUnitResolver.resolve(CompilationUnitResolver.java:661)
	at org.eclipse.jdt.core.dom.ASTParser.createASTs(ASTParser.java:1001)
	at com.github.mauricioaniche.ck.CK.calculate(CK.java:109)
	at com.github.mauricioaniche.ck.CK.calculate(CK.java:59)
	at com.github.mauricioaniche.ck.CK.calculate(CK.java:72)
	at project.controllers.MetricsCalculator.calculateCKMetrics(MetricsCalculator.java:643)
	at project.controllers.MetricsCalculator.lambda$processCommits$1(MetricsCalculator.java:224)
	at java.base/java.util.stream.ForEachOps$ForEachOp$OfRef.accept(ForEachOps.java:186)
	at java.base/java.util.ArrayList$ArrayListSpliterator.forEachRemaining(ArrayList.java:1716)
	at java.base/java.util.stream.AbstractPipeline.copyInto(AbstractPipeline.java:570)
	at java.base/java.util.stream.ForEachOps$ForEachTask.compute(ForEachOps.java:293)
	at java.base/java.util.concurrent.CountedCompleter.exec(CountedCompleter.java:759)
	at java.base/java.util.concurrent.ForkJoinTask.doExec(ForkJoinTask.java:507)
	at java.base/java.util.concurrent.ForkJoinPool$WorkQueue.topLevelExec(ForkJoinPool.java:1394)
	at java.base/java.util.concurrent.ForkJoinPool.runWorker(ForkJoinPool.java:1970)
	at java.base/java.util.concurrent.ForkJoinWorkerThread.run(ForkJoinWorkerThread.java:187)
2025-06-25 14:33:27 ERROR MetricsExecutor:44 - error in C:\Users\FRANCE~1\AppData\Local\Temp\ck_analysis\4.2.1_f633075dd0b0cae6c50db0f7284798089a9cf83b\hedwig-client\src\main\java\org\apache\hedwig\client\netty\impl\simple\SimpleSubscribeResponseHandler.java
java.lang.NullPointerException: Cannot invoke "java.util.Set.add(Object)" because the return value of "java.util.Map.get(Object)" is null
	at com.github.mauricioaniche.ck.metric.CouplingExtras.addToSetClassIn(CouplingExtras.java:29)
	at com.github.mauricioaniche.ck.metric.Coupling.addToSet(Coupling.java:308)
	at com.github.mauricioaniche.ck.metric.Coupling.coupleTo(Coupling.java:270)
	at com.github.mauricioaniche.ck.metric.Coupling.visit(Coupling.java:106)
	at com.github.mauricioaniche.ck.CKVisitor.lambda$visit$10(CKVisitor.java:135)
	at java.base/java.util.stream.ForEachOps$ForEachOp$OfRef.accept(ForEachOps.java:186)
	at java.base/java.util.stream.ReferencePipeline$3$1.accept(ReferencePipeline.java:215)
	at java.base/java.util.ArrayList$ArrayListSpliterator.forEachRemaining(ArrayList.java:1716)
	at java.base/java.util.stream.AbstractPipeline.copyInto(AbstractPipeline.java:570)
	at java.base/java.util.stream.AbstractPipeline.wrapAndCopyInto(AbstractPipeline.java:560)
	at java.base/java.util.stream.ForEachOps$ForEachOp.evaluateSequential(ForEachOps.java:153)
	at java.base/java.util.stream.ForEachOps$ForEachOp$OfRef.evaluateSequential(ForEachOps.java:176)
	at java.base/java.util.stream.AbstractPipeline.evaluate(AbstractPipeline.java:265)
	at java.base/java.util.stream.ReferencePipeline.forEach(ReferencePipeline.java:636)
	at com.github.mauricioaniche.ck.CKVisitor.visit(CKVisitor.java:135)
	at org.eclipse.jdt.core.dom.MethodDeclaration.accept0(MethodDeclaration.java:653)
	at org.eclipse.jdt.core.dom.ASTNode.accept(ASTNode.java:3055)
	at org.eclipse.jdt.core.dom.ASTNode.acceptChildren(ASTNode.java:3126)
	at org.eclipse.jdt.core.dom.AnonymousClassDeclaration.accept0(AnonymousClassDeclaration.java:135)
	at org.eclipse.jdt.core.dom.ASTNode.accept(ASTNode.java:3055)
	at org.eclipse.jdt.core.dom.ASTNode.acceptChild(ASTNode.java:3103)
	at org.eclipse.jdt.core.dom.ClassInstanceCreation.accept0(ClassInstanceCreation.java:305)
	at org.eclipse.jdt.core.dom.ASTNode.accept(ASTNode.java:3055)
	at org.eclipse.jdt.core.dom.ASTNode.acceptChildren(ASTNode.java:3126)
	at org.eclipse.jdt.core.dom.MethodInvocation.accept0(MethodInvocation.java:228)
	at org.eclipse.jdt.core.dom.ASTNode.accept(ASTNode.java:3055)
	at org.eclipse.jdt.core.dom.ASTNode.acceptChild(ASTNode.java:3103)
	at org.eclipse.jdt.core.dom.ExpressionStatement.accept0(ExpressionStatement.java:136)
	at org.eclipse.jdt.core.dom.ASTNode.accept(ASTNode.java:3055)
	at org.eclipse.jdt.core.dom.ASTNode.acceptChildren(ASTNode.java:3126)
	at org.eclipse.jdt.core.dom.Block.accept0(Block.java:128)
	at org.eclipse.jdt.core.dom.ASTNode.accept(ASTNode.java:3055)
	at org.eclipse.jdt.core.dom.ASTNode.acceptChild(ASTNode.java:3103)
	at org.eclipse.jdt.core.dom.SynchronizedStatement.accept0(SynchronizedStatement.java:157)
	at org.eclipse.jdt.core.dom.ASTNode.accept(ASTNode.java:3055)
	at org.eclipse.jdt.core.dom.ASTNode.acceptChildren(ASTNode.java:3126)
	at org.eclipse.jdt.core.dom.Block.accept0(Block.java:128)
	at org.eclipse.jdt.core.dom.ASTNode.accept(ASTNode.java:3055)
	at org.eclipse.jdt.core.dom.ASTNode.acceptChild(ASTNode.java:3103)
	at org.eclipse.jdt.core.dom.MethodDeclaration.accept0(MethodDeclaration.java:677)
	at org.eclipse.jdt.core.dom.ASTNode.accept(ASTNode.java:3055)
	at org.eclipse.jdt.core.dom.ASTNode.acceptChildren(ASTNode.java:3126)
	at org.eclipse.jdt.core.dom.TypeDeclaration.accept0(TypeDeclaration.java:526)
	at org.eclipse.jdt.core.dom.ASTNode.accept(ASTNode.java:3055)
	at org.eclipse.jdt.core.dom.ASTNode.acceptChildren(ASTNode.java:3126)
	at org.eclipse.jdt.core.dom.CompilationUnit.accept0(CompilationUnit.java:258)
	at org.eclipse.jdt.core.dom.ASTNode.accept(ASTNode.java:3055)
	at com.github.mauricioaniche.ck.MetricsExecutor.acceptAST(MetricsExecutor.java:36)
	at org.eclipse.jdt.core.dom.CompilationUnitResolver.resolve(CompilationUnitResolver.java:1065)
	at org.eclipse.jdt.core.dom.CompilationUnitResolver.resolve(CompilationUnitResolver.java:661)
	at org.eclipse.jdt.core.dom.ASTParser.createASTs(ASTParser.java:1001)
	at com.github.mauricioaniche.ck.CK.calculate(CK.java:109)
	at com.github.mauricioaniche.ck.CK.calculate(CK.java:59)
	at com.github.mauricioaniche.ck.CK.calculate(CK.java:72)
	at project.controllers.MetricsCalculator.calculateCKMetrics(MetricsCalculator.java:643)
	at project.controllers.MetricsCalculator.lambda$processCommits$1(MetricsCalculator.java:224)
	at java.base/java.util.stream.ForEachOps$ForEachOp$OfRef.accept(ForEachOps.java:186)
	at java.base/java.util.ArrayList$ArrayListSpliterator.forEachRemaining(ArrayList.java:1716)
	at java.base/java.util.stream.AbstractPipeline.copyInto(AbstractPipeline.java:570)
	at java.base/java.util.stream.ForEachOps$ForEachTask.compute(ForEachOps.java:293)
	at java.base/java.util.concurrent.CountedCompleter.exec(CountedCompleter.java:759)
	at java.base/java.util.concurrent.ForkJoinTask.doExec(ForkJoinTask.java:507)
	at java.base/java.util.concurrent.ForkJoinPool$WorkQueue.topLevelExec(ForkJoinPool.java:1394)
	at java.base/java.util.concurrent.ForkJoinPool.runWorker(ForkJoinPool.java:1970)
	at java.base/java.util.concurrent.ForkJoinWorkerThread.run(ForkJoinWorkerThread.java:187)
2025-06-25 14:33:40 ERROR MetricsExecutor:44 - error in C:\Users\FRANCE~1\AppData\Local\Temp\ck_analysis\4.2.1_97c76a36d79d1d96314cd7e832d1dfbd1211965d\bookkeeper-server\src\main\java\org\apache\bookkeeper\client\BookKeeperAdmin.java
java.lang.NullPointerException
2025-07-01 16:22:38 ERROR MetricsExecutor:44 - error in C:\Users\FRANCE~1\AppData\Local\Temp\ck_analysis\4.2.1_8125700069b14f80ebd135ddd1a2b67de256cb1e\bookkeeper-server\src\main\java\org\apache\bookkeeper\proto\DataFormats.java
java.lang.NullPointerException: Cannot invoke "java.util.Set.add(Object)" because the return value of "java.util.Map.get(Object)" is null
	at com.github.mauricioaniche.ck.metric.CouplingExtras.addToSetMethodOut(CouplingExtras.java:53)
	at com.github.mauricioaniche.ck.metric.Coupling.addToSet(Coupling.java:312)
	at com.github.mauricioaniche.ck.metric.Coupling.coupleTo(Coupling.java:287)
	at com.github.mauricioaniche.ck.metric.Coupling.visit(Coupling.java:37)
	at com.github.mauricioaniche.ck.CKVisitor.lambda$visit$113(CKVisitor.java:493)
	at java.base/java.util.stream.ForEachOps$ForEachOp$OfRef.accept(ForEachOps.java:186)
	at java.base/java.util.stream.ReferencePipeline$3$1.accept(ReferencePipeline.java:215)
	at java.base/java.util.ArrayList$ArrayListSpliterator.forEachRemaining(ArrayList.java:1716)
	at java.base/java.util.stream.AbstractPipeline.copyInto(AbstractPipeline.java:570)
	at java.base/java.util.stream.AbstractPipeline.wrapAndCopyInto(AbstractPipeline.java:560)
	at java.base/java.util.stream.ForEachOps$ForEachOp.evaluateSequential(ForEachOps.java:153)
	at java.base/java.util.stream.ForEachOps$ForEachOp$OfRef.evaluateSequential(ForEachOps.java:176)
	at java.base/java.util.stream.AbstractPipeline.evaluate(AbstractPipeline.java:265)
	at java.base/java.util.stream.ReferencePipeline.forEach(ReferencePipeline.java:636)
	at com.github.mauricioaniche.ck.CKVisitor.visit(CKVisitor.java:493)
	at org.eclipse.jdt.core.dom.ClassInstanceCreation.accept0(ClassInstanceCreation.java:293)
	at org.eclipse.jdt.core.dom.ASTNode.accept(ASTNode.java:3055)
	at org.eclipse.jdt.core.dom.ASTNode.acceptChild(ASTNode.java:3103)
	at org.eclipse.jdt.core.dom.Assignment.accept0(Assignment.java:303)
	at org.eclipse.jdt.core.dom.ASTNode.accept(ASTNode.java:3055)
	at org.eclipse.jdt.core.dom.ASTNode.acceptChild(ASTNode.java:3103)
	at org.eclipse.jdt.core.dom.ExpressionStatement.accept0(ExpressionStatement.java:136)
	at org.eclipse.jdt.core.dom.ASTNode.accept(ASTNode.java:3055)
	at org.eclipse.jdt.core.dom.ASTNode.acceptChildren(ASTNode.java:3126)
	at org.eclipse.jdt.core.dom.Block.accept0(Block.java:128)
	at org.eclipse.jdt.core.dom.ASTNode.accept(ASTNode.java:3055)
	at org.eclipse.jdt.core.dom.ASTNode.acceptChild(ASTNode.java:3103)
	at org.eclipse.jdt.core.dom.Initializer.accept0(Initializer.java:236)
	at org.eclipse.jdt.core.dom.ASTNode.accept(ASTNode.java:3055)
	at org.eclipse.jdt.core.dom.ASTNode.acceptChildren(ASTNode.java:3126)
	at org.eclipse.jdt.core.dom.TypeDeclaration.accept0(TypeDeclaration.java:526)
	at org.eclipse.jdt.core.dom.ASTNode.accept(ASTNode.java:3055)
	at org.eclipse.jdt.core.dom.ASTNode.acceptChildren(ASTNode.java:3126)
	at org.eclipse.jdt.core.dom.TypeDeclaration.accept0(TypeDeclaration.java:526)
	at org.eclipse.jdt.core.dom.ASTNode.accept(ASTNode.java:3055)
	at org.eclipse.jdt.core.dom.ASTNode.acceptChildren(ASTNode.java:3126)
	at org.eclipse.jdt.core.dom.CompilationUnit.accept0(CompilationUnit.java:258)
	at org.eclipse.jdt.core.dom.ASTNode.accept(ASTNode.java:3055)
	at com.github.mauricioaniche.ck.MetricsExecutor.acceptAST(MetricsExecutor.java:36)
	at org.eclipse.jdt.core.dom.CompilationUnitResolver.resolve(CompilationUnitResolver.java:1065)
	at org.eclipse.jdt.core.dom.CompilationUnitResolver.resolve(CompilationUnitResolver.java:661)
	at org.eclipse.jdt.core.dom.ASTParser.createASTs(ASTParser.java:1001)
	at com.github.mauricioaniche.ck.CK.calculate(CK.java:109)
	at com.github.mauricioaniche.ck.CK.calculate(CK.java:59)
	at com.github.mauricioaniche.ck.CK.calculate(CK.java:72)
	at project.controllers.MetricsCalculator.calculateCKMetrics(MetricsCalculator.java:715)
	at project.controllers.MetricsCalculator.lambda$processCommits$1(MetricsCalculator.java:228)
	at java.base/java.util.stream.ForEachOps$ForEachOp$OfRef.accept(ForEachOps.java:186)
	at java.base/java.util.ArrayList$ArrayListSpliterator.forEachRemaining(ArrayList.java:1716)
	at java.base/java.util.stream.AbstractPipeline.copyInto(AbstractPipeline.java:570)
	at java.base/java.util.stream.ForEachOps$ForEachTask.compute(ForEachOps.java:293)
	at java.base/java.util.concurrent.CountedCompleter.exec(CountedCompleter.java:759)
	at java.base/java.util.concurrent.ForkJoinTask.doExec(ForkJoinTask.java:507)
	at java.base/java.util.concurrent.ForkJoinPool$WorkQueue.topLevelExec(ForkJoinPool.java:1394)
	at java.base/java.util.concurrent.ForkJoinPool.runWorker(ForkJoinPool.java:1970)
	at java.base/java.util.concurrent.ForkJoinWorkerThread.run(ForkJoinWorkerThread.java:187)
